# JRE version: OpenJDK Runtime Environment Temurin-17.0.2+8 (17.0.2+8) (build 17.0.2+8)
# Java VM: OpenJDK 64-Bit Server VM Temurin-17.0.2+8 (17.0.2+8, mixed mode, tiered, compressed oops, compressed class ptrs, parallel gc, windows-amd64)
GC Precious Log:
 CPUs: 4 total, 4 available
 Memory: 8071M
 Large Page Support: Disabled
 NUMA Support: Disabled
 Compressed Oops: Enabled (32-bit)
 Alignments: Space 512K, Generation 512K, Heap 2M
 Heap Min Capacity: 100M
 Heap Initial Capacity: 100M
 Heap Max Capacity: 1G
 Pre-touch: Disabled
 Parallel Workers: 4
Heap:
 PSYoungGen      total 9728K, used 2231K [0x00000000eab00000, 0x00000000eb780000, 0x0000000100000000)
  eden space 8192K, 24% used [0x00000000eab00000,0x00000000eacfdde8,0x00000000eb300000)
  from space 1536K, 12% used [0x00000000eb500000,0x00000000eb530000,0x00000000eb680000)
  to   space 1024K, 0% used [0x00000000eb680000,0x00000000eb680000,0x00000000eb780000)
 ParOldGen       total 140800K, used 135760K [0x00000000c0000000, 0x00000000c8980000, 0x00000000eab00000)
  object space 140800K, 96% used [0x00000000c0000000,0x00000000c8494370,0x00000000c8980000)
 Metaspace       used 73714K, committed 74752K, reserved 1122304K
  class space    used 7711K, committed 8192K, reserved 1048576K
GC Heap History (20 events):
Event: 3726.077 GC heap before
{Heap before GC invocations=77 (full 7):
 PSYoungGen      total 13824K, used 13808K [0x00000000eab00000, 0x00000000ec880000, 0x0000000100000000)
  eden space 6656K, 100% used [0x00000000eab00000,0x00000000eb180000,0x00000000eb180000)
  from space 7168K, 99% used [0x00000000eb180000,0x00000000eb87c170,0x00000000eb880000)
  to   space 11776K, 0% used [0x00000000ebd00000,0x00000000ebd00000,0x00000000ec880000)
 ParOldGen       total 140800K, used 119122K [0x00000000c0000000, 0x00000000c8980000, 0x00000000eab00000)
  object space 140800K, 84% used [0x00000000c0000000,0x00000000c7454998,0x00000000c8980000)
 Metaspace       used 72205K, committed 73152K, reserved 1114112K
  class space    used 7522K, committed 7936K, reserved 1048576K
}
Event: 3726.113 GC heap after
{Heap after GC invocations=77 (full 7):
 PSYoungGen      total 10240K, used 1876K [0x00000000eab00000, 0x00000000ebf00000, 0x0000000100000000)
  eden space 8192K, 0% used [0x00000000eab00000,0x00000000eab00000,0x00000000eb300000)
  from space 2048K, 91% used [0x00000000ebd00000,0x00000000ebed5200,0x00000000ebf00000)
  to   space 5632K, 0% used [0x00000000eb400000,0x00000000eb400000,0x00000000eb980000)
 ParOldGen       total 140800K, used 123391K [0x00000000c0000000, 0x00000000c8980000, 0x00000000eab00000)
  object space 140800K, 87% used [0x00000000c0000000,0x00000000c787ffd8,0x00000000c8980000)
 Metaspace       used 72205K, committed 73152K, reserved 1114112K
  class space    used 7522K, committed 7936K, reserved 1048576K
}
Event: 3726.227 GC heap before
{Heap before GC invocations=78 (full 7):
 PSYoungGen      total 10240K, used 10068K [0x00000000eab00000, 0x00000000ebf00000, 0x0000000100000000)
  eden space 8192K, 100% used [0x00000000eab00000,0x00000000eb300000,0x00000000eb300000)
  from space 2048K, 91% used [0x00000000ebd00000,0x00000000ebed5200,0x00000000ebf00000)
  to   space 5632K, 0% used [0x00000000eb400000,0x00000000eb400000,0x00000000eb980000)
 ParOldGen       total 140800K, used 123391K [0x00000000c0000000, 0x00000000c8980000, 0x00000000eab00000)
  object space 140800K, 87% used [0x00000000c0000000,0x00000000c787ffd8,0x00000000c8980000)
 Metaspace       used 72587K, committed 73536K, reserved 1122304K
  class space    used 7572K, committed 8000K, reserved 1048576K
}
Event: 3726.233 GC heap after
{Heap after GC invocations=78 (full 7):
 PSYoungGen      total 14848K, used 1268K [0x00000000eab00000, 0x00000000ebd80000, 0x0000000100000000)
  eden space 9216K, 0% used [0x00000000eab00000,0x00000000eab00000,0x00000000eb400000)
  from space 5632K, 22% used [0x00000000eb400000,0x00000000eb53d200,0x00000000eb980000)
  to   space 2560K, 0% used [0x00000000ebb00000,0x00000000ebb00000,0x00000000ebd80000)
 ParOldGen       total 140800K, used 123910K [0x00000000c0000000, 0x00000000c8980000, 0x00000000eab00000)
  object space 140800K, 88% used [0x00000000c0000000,0x00000000c79018e0,0x00000000c8980000)
 Metaspace       used 72587K, committed 73536K, reserved 1122304K
  class space    used 7572K, committed 8000K, reserved 1048576K
}
Event: 3726.329 GC heap before
{Heap before GC invocations=79 (full 7):
 PSYoungGen      total 14848K, used 10484K [0x00000000eab00000, 0x00000000ebd80000, 0x0000000100000000)
  eden space 9216K, 100% used [0x00000000eab00000,0x00000000eb400000,0x00000000eb400000)
  from space 5632K, 22% used [0x00000000eb400000,0x00000000eb53d200,0x00000000eb980000)
  to   space 2560K, 0% used [0x00000000ebb00000,0x00000000ebb00000,0x00000000ebd80000)
 ParOldGen       total 140800K, used 123910K [0x00000000c0000000, 0x00000000c8980000, 0x00000000eab00000)
  object space 140800K, 88% used [0x00000000c0000000,0x00000000c79018e0,0x00000000c8980000)
 Metaspace       used 72846K, committed 73792K, reserved 1122304K
  class space    used 7609K, committed 8064K, reserved 1048576K
}
Event: 3726.378 GC heap after
{Heap after GC invocations=79 (full 7):
 PSYoungGen      total 10752K, used 2534K [0x00000000eab00000, 0x00000000ec580000, 0x0000000100000000)
  eden space 8192K, 0% used [0x00000000eab00000,0x00000000eab00000,0x00000000eb300000)
  from space 2560K, 98% used [0x00000000ebb00000,0x00000000ebd79860,0x00000000ebd80000)
  to   space 8192K, 0% used [0x00000000eb300000,0x00000000eb300000,0x00000000ebb00000)
 ParOldGen       total 140800K, used 128489K [0x00000000c0000000, 0x00000000c8980000, 0x00000000eab00000)
  object space 140800K, 91% used [0x00000000c0000000,0x00000000c7d7a6b8,0x00000000c8980000)
 Metaspace       used 72846K, committed 73792K, reserved 1122304K
  class space    used 7609K, committed 8064K, reserved 1048576K
}
Event: 3726.421 GC heap before
{Heap before GC invocations=80 (full 7):
 PSYoungGen      total 10752K, used 10726K [0x00000000eab00000, 0x00000000ec580000, 0x0000000100000000)
  eden space 8192K, 100% used [0x00000000eab00000,0x00000000eb300000,0x00000000eb300000)
  from space 2560K, 98% used [0x00000000ebb00000,0x00000000ebd79860,0x00000000ebd80000)
  to   space 8192K, 0% used [0x00000000eb300000,0x00000000eb300000,0x00000000ebb00000)
 ParOldGen       total 140800K, used 128489K [0x00000000c0000000, 0x00000000c8980000, 0x00000000eab00000)
  object space 140800K, 91% used [0x00000000c0000000,0x00000000c7d7a6b8,0x00000000c8980000)
 Metaspace       used 72879K, committed 73856K, reserved 1122304K
  class space    used 7609K, committed 8064K, reserved 1048576K
}
Event: 3726.424 GC heap after
{Heap after GC invocations=80 (full 7):
 PSYoungGen      total 9728K, used 1245K [0x00000000eab00000, 0x00000000ebb80000, 0x0000000100000000)
  eden space 8192K, 0% used [0x00000000eab00000,0x00000000eab00000,0x00000000eb300000)
  from space 1536K, 81% used [0x00000000eb300000,0x00000000eb437600,0x00000000eb480000)
  to   space 3584K, 0% used [0x00000000eb800000,0x00000000eb800000,0x00000000ebb80000)
 ParOldGen       total 140800K, used 128600K [0x00000000c0000000, 0x00000000c8980000, 0x00000000eab00000)
  object space 140800K, 91% used [0x00000000c0000000,0x00000000c7d963b8,0x00000000c8980000)
 Metaspace       used 72879K, committed 73856K, reserved 1122304K
  class space    used 7609K, committed 8064K, reserved 1048576K
}
Event: 3727.551 GC heap before
{Heap before GC invocations=81 (full 7):
 PSYoungGen      total 9728K, used 9437K [0x00000000eab00000, 0x00000000ebb80000, 0x0000000100000000)
  eden space 8192K, 100% used [0x00000000eab00000,0x00000000eb300000,0x00000000eb300000)
  from space 1536K, 81% used [0x00000000eb300000,0x00000000eb437600,0x00000000eb480000)
  to   space 3584K, 0% used [0x00000000eb800000,0x00000000eb800000,0x00000000ebb80000)
 ParOldGen       total 140800K, used 128600K [0x00000000c0000000, 0x00000000c8980000, 0x00000000eab00000)
  object space 140800K, 91% used [0x00000000c0000000,0x00000000c7d963b8,0x00000000c8980000)
 Metaspace       used 73354K, committed 74304K, reserved 1122304K
  class space    used 7658K, committed 8128K, reserved 1048576K
}
Event: 3727.555 GC heap after
{Heap after GC invocations=81 (full 7):
 PSYoungGen      total 8704K, used 244K [0x00000000eab00000, 0x00000000eb880000, 0x0000000100000000)
  eden space 8192K, 0% used [0x00000000eab00000,0x00000000eab00000,0x00000000eb300000)
  from space 512K, 47% used [0x00000000eb800000,0x00000000eb83d200,0x00000000eb880000)
  to   space 1024K, 0% used [0x00000000eb680000,0x00000000eb680000,0x00000000eb780000)
 ParOldGen       total 140800K, used 128820K [0x00000000c0000000, 0x00000000c8980000, 0x00000000eab00000)
  object space 140800K, 91% used [0x00000000c0000000,0x00000000c7dcd168,0x00000000c8980000)
 Metaspace       used 73354K, committed 74304K, reserved 1122304K
  class space    used 7658K, committed 8128K, reserved 1048576K
}
Event: 3727.730 GC heap before
{Heap before GC invocations=82 (full 7):
 PSYoungGen      total 8704K, used 8436K [0x00000000eab00000, 0x00000000eb880000, 0x0000000100000000)
  eden space 8192K, 100% used [0x00000000eab00000,0x00000000eb300000,0x00000000eb300000)
  from space 512K, 47% used [0x00000000eb800000,0x00000000eb83d200,0x00000000eb880000)
  to   space 1024K, 0% used [0x00000000eb680000,0x00000000eb680000,0x00000000eb780000)
 ParOldGen       total 140800K, used 128820K [0x00000000c0000000, 0x00000000c8980000, 0x00000000eab00000)
  object space 140800K, 91% used [0x00000000c0000000,0x00000000c7dcd168,0x00000000c8980000)
 Metaspace       used 73458K, committed 74496K, reserved 1122304K
  class space    used 7667K, committed 8128K, reserved 1048576K
}
Event: 3727.735 GC heap after
{Heap after GC invocations=82 (full 7):
 PSYoungGen      total 9216K, used 1019K [0x00000000eab00000, 0x00000000ebc00000, 0x0000000100000000)
  eden space 8192K, 0% used [0x00000000eab00000,0x00000000eab00000,0x00000000eb300000)
  from space 1024K, 99% used [0x00000000eb680000,0x00000000eb77ef90,0x00000000eb780000)
  to   space 4608K, 0% used [0x00000000eb780000,0x00000000eb780000,0x00000000ebc00000)
 ParOldGen       total 140800K, used 131685K [0x00000000c0000000, 0x00000000c8980000, 0x00000000eab00000)
  object space 140800K, 93% used [0x00000000c0000000,0x00000000c80994d8,0x00000000c8980000)
 Metaspace       used 73458K, committed 74496K, reserved 1122304K
  class space    used 7667K, committed 8128K, reserved 1048576K
}
Event: 3727.937 GC heap before
{Heap before GC invocations=83 (full 7):
 PSYoungGen      total 9216K, used 9211K [0x00000000eab00000, 0x00000000ebc00000, 0x0000000100000000)
  eden space 8192K, 100% used [0x00000000eab00000,0x00000000eb300000,0x00000000eb300000)
  from space 1024K, 99% used [0x00000000eb680000,0x00000000eb77ef90,0x00000000eb780000)
  to   space 4608K, 0% used [0x00000000eb780000,0x00000000eb780000,0x00000000ebc00000)
 ParOldGen       total 140800K, used 131685K [0x00000000c0000000, 0x00000000c8980000, 0x00000000eab00000)
  object space 140800K, 93% used [0x00000000c0000000,0x00000000c80994d8,0x00000000c8980000)
 Metaspace       used 73462K, committed 74496K, reserved 1122304K
  class space    used 7667K, committed 8128K, reserved 1048576K
}
Event: 3727.939 GC heap after
{Heap after GC invocations=83 (full 7):
 PSYoungGen      total 11264K, used 2617K [0x00000000eab00000, 0x00000000eba80000, 0x0000000100000000)
  eden space 8192K, 0% used [0x00000000eab00000,0x00000000eab00000,0x00000000eb300000)
  from space 3072K, 85% used [0x00000000eb780000,0x00000000eba0e580,0x00000000eba80000)
  to   space 3072K, 0% used [0x00000000eb480000,0x00000000eb480000,0x00000000eb780000)
 ParOldGen       total 140800K, used 132709K [0x00000000c0000000, 0x00000000c8980000, 0x00000000eab00000)
  object space 140800K, 94% used [0x00000000c0000000,0x00000000c8199530,0x00000000c8980000)
 Metaspace       used 73462K, committed 74496K, reserved 1122304K
  class space    used 7667K, committed 8128K, reserved 1048576K
}
Event: 3728.139 GC heap before
{Heap before GC invocations=84 (full 7):
 PSYoungGen      total 11264K, used 10809K [0x00000000eab00000, 0x00000000eba80000, 0x0000000100000000)
  eden space 8192K, 100% used [0x00000000eab00000,0x00000000eb300000,0x00000000eb300000)
  from space 3072K, 85% used [0x00000000eb780000,0x00000000eba0e580,0x00000000eba80000)
  to   space 3072K, 0% used [0x00000000eb480000,0x00000000eb480000,0x00000000eb780000)
 ParOldGen       total 140800K, used 132709K [0x00000000c0000000, 0x00000000c8980000, 0x00000000eab00000)
  object space 140800K, 94% used [0x00000000c0000000,0x00000000c8199530,0x00000000c8980000)
 Metaspace       used 73467K, committed 74496K, reserved 1122304K
  class space    used 7667K, committed 8128K, reserved 1048576K
}
Event: 3728.143 GC heap after
{Heap after GC invocations=84 (full 7):
 PSYoungGen      total 10752K, used 2145K [0x00000000eab00000, 0x00000000eb800000, 0x0000000100000000)
  eden space 8192K, 0% used [0x00000000eab00000,0x00000000eab00000,0x00000000eb300000)
  from space 2560K, 83% used [0x00000000eb480000,0x00000000eb698480,0x00000000eb700000)
  to   space 1024K, 0% used [0x00000000eb700000,0x00000000eb700000,0x00000000eb800000)
 ParOldGen       total 140800K, used 135240K [0x00000000c0000000, 0x00000000c8980000, 0x00000000eab00000)
  object space 140800K, 96% used [0x00000000c0000000,0x00000000c8412360,0x00000000c8980000)
 Metaspace       used 73467K, committed 74496K, reserved 1122304K
  class space    used 7667K, committed 8128K, reserved 1048576K
}
Event: 3729.405 GC heap before
{Heap before GC invocations=85 (full 7):
 PSYoungGen      total 10752K, used 10119K [0x00000000eab00000, 0x00000000eb800000, 0x0000000100000000)
  eden space 8192K, 97% used [0x00000000eab00000,0x00000000eb2c9a10,0x00000000eb300000)
  from space 2560K, 83% used [0x00000000eb480000,0x00000000eb698480,0x00000000eb700000)
  to   space 1024K, 0% used [0x00000000eb700000,0x00000000eb700000,0x00000000eb800000)
 ParOldGen       total 140800K, used 135240K [0x00000000c0000000, 0x00000000c8980000, 0x00000000eab00000)
  object space 140800K, 96% used [0x00000000c0000000,0x00000000c8412360,0x00000000c8980000)
 Metaspace       used 73575K, committed 74560K, reserved 1122304K
  class space    used 7691K, committed 8128K, reserved 1048576K
}
Event: 3729.407 GC heap after
{Heap after GC invocations=85 (full 7):
 PSYoungGen      total 9216K, used 1021K [0x00000000eab00000, 0x00000000eb800000, 0x0000000100000000)
  eden space 8192K, 0% used [0x00000000eab00000,0x00000000eab00000,0x00000000eb300000)
  from space 1024K, 99% used [0x00000000eb700000,0x00000000eb7ff450,0x00000000eb800000)
  to   space 1536K, 0% used [0x00000000eb500000,0x00000000eb500000,0x00000000eb680000)
 ParOldGen       total 140800K, used 135304K [0x00000000c0000000, 0x00000000c8980000, 0x00000000eab00000)
  object space 140800K, 96% used [0x00000000c0000000,0x00000000c8422360,0x00000000c8980000)
 Metaspace       used 73575K, committed 74560K, reserved 1122304K
  class space    used 7691K, committed 8128K, reserved 1048576K
}
Event: 3744.309 GC heap before
{Heap before GC invocations=86 (full 7):
 PSYoungGen      total 9216K, used 9213K [0x00000000eab00000, 0x00000000eb800000, 0x0000000100000000)
  eden space 8192K, 100% used [0x00000000eab00000,0x00000000eb300000,0x00000000eb300000)
  from space 1024K, 99% used [0x00000000eb700000,0x00000000eb7ff450,0x00000000eb800000)
  to   space 1536K, 0% used [0x00000000eb500000,0x00000000eb500000,0x00000000eb680000)
 ParOldGen       total 140800K, used 135304K [0x00000000c0000000, 0x00000000c8980000, 0x00000000eab00000)
  object space 140800K, 96% used [0x00000000c0000000,0x00000000c8422360,0x00000000c8980000)
 Metaspace       used 73589K, committed 74560K, reserved 1122304K
  class space    used 7691K, committed 8128K, reserved 1048576K
}
Event: 3744.311 GC heap after
{Heap after GC invocations=86 (full 7):
 PSYoungGen      total 9728K, used 192K [0x00000000eab00000, 0x00000000eb780000, 0x0000000100000000)
  eden space 8192K, 0% used [0x00000000eab00000,0x00000000eab00000,0x00000000eb300000)
  from space 1536K, 12% used [0x00000000eb500000,0x00000000eb530000,0x00000000eb680000)
  to   space 1024K, 0% used [0x00000000eb680000,0x00000000eb680000,0x00000000eb780000)
 ParOldGen       total 140800K, used 135760K [0x00000000c0000000, 0x00000000c8980000, 0x00000000eab00000)
  object space 140800K, 96% used [0x00000000c0000000,0x00000000c8494370,0x00000000c8980000)
 Metaspace       used 73589K, committed 74560K, reserved 1122304K
  class space    used 7691K, committed 8128K, reserved 1048576K
}

