# JRE version: OpenJDK Runtime Environment Temurin-17.0.2+8 (17.0.2+8) (build 17.0.2+8)
# Java VM: OpenJDK 64-Bit Server VM Temurin-17.0.2+8 (17.0.2+8, mixed mode, emulated-client, tiered, compressed oops, compressed class ptrs, g1 gc, windows-amd64)
GC Precious Log:
 CPUs: 4 total, 4 available
 Memory: 8071M
 Large Page Support: Disabled
 NUMA Support: Disabled
 Compressed Oops: Enabled (32-bit)
 Heap Region Size: 1M
 Heap Min Capacity: 8M
 Heap Initial Capacity: 128M
 Heap Max Capacity: 2018M
 Pre-touch: Disabled
 Parallel Workers: 4
 Concurrent Workers: 1
 Concurrent Refinement Workers: 4
 Periodic GC: Disabled
Heap:
 garbage-first heap   total 78848K, used 23860K [0x0000000081e00000, 0x0000000100000000)
  region size 1024K, 2 young (2048K), 0 survivors (0K)
 Metaspace       used 39466K, committed 39872K, reserved 1089536K
  class space    used 4995K, committed 5184K, reserved 1048576K
GC Heap History (20 events):
Event: 3639.672 GC heap before
{Heap before GC invocations=331 (full 309):
 garbage-first heap   total 78848K, used 23218K [0x0000000081e00000, 0x0000000100000000)
  region size 1024K, 2 young (2048K), 0 survivors (0K)
 Metaspace       used 39440K, committed 39808K, reserved 1089536K
  class space    used 4990K, committed 5184K, reserved 1048576K
}
Event: 3639.708 GC heap after
{Heap after GC invocations=332 (full 310):
 garbage-first heap   total 78848K, used 22194K [0x0000000081e00000, 0x0000000100000000)
  region size 1024K, 0 young (0K), 0 survivors (0K)
 Metaspace       used 39440K, committed 39808K, reserved 1089536K
  class space    used 4990K, committed 5184K, reserved 1048576K
}
Event: 3650.034 GC heap before
{Heap before GC invocations=332 (full 310):
 garbage-first heap   total 78848K, used 23218K [0x0000000081e00000, 0x0000000100000000)
  region size 1024K, 2 young (2048K), 0 survivors (0K)
 Metaspace       used 39440K, committed 39808K, reserved 1089536K
  class space    used 4990K, committed 5184K, reserved 1048576K
}
Event: 3650.064 GC heap after
{Heap after GC invocations=333 (full 311):
 garbage-first heap   total 78848K, used 22194K [0x0000000081e00000, 0x0000000100000000)
  region size 1024K, 0 young (0K), 0 survivors (0K)
 Metaspace       used 39440K, committed 39808K, reserved 1089536K
  class space    used 4990K, committed 5184K, reserved 1048576K
}
Event: 3660.429 GC heap before
{Heap before GC invocations=333 (full 311):
 garbage-first heap   total 78848K, used 23218K [0x0000000081e00000, 0x0000000100000000)
  region size 1024K, 2 young (2048K), 0 survivors (0K)
 Metaspace       used 39440K, committed 39808K, reserved 1089536K
  class space    used 4990K, committed 5184K, reserved 1048576K
}
Event: 3660.467 GC heap after
{Heap after GC invocations=334 (full 312):
 garbage-first heap   total 78848K, used 22194K [0x0000000081e00000, 0x0000000100000000)
  region size 1024K, 0 young (0K), 0 survivors (0K)
 Metaspace       used 39440K, committed 39808K, reserved 1089536K
  class space    used 4990K, committed 5184K, reserved 1048576K
}
Event: 3670.813 GC heap before
{Heap before GC invocations=334 (full 312):
 garbage-first heap   total 78848K, used 23218K [0x0000000081e00000, 0x0000000100000000)
  region size 1024K, 2 young (2048K), 0 survivors (0K)
 Metaspace       used 39440K, committed 39808K, reserved 1089536K
  class space    used 4990K, committed 5184K, reserved 1048576K
}
Event: 3670.845 GC heap after
{Heap after GC invocations=335 (full 313):
 garbage-first heap   total 78848K, used 22194K [0x0000000081e00000, 0x0000000100000000)
  region size 1024K, 0 young (0K), 0 survivors (0K)
 Metaspace       used 39440K, committed 39808K, reserved 1089536K
  class space    used 4990K, committed 5184K, reserved 1048576K
}
Event: 3681.229 GC heap before
{Heap before GC invocations=335 (full 313):
 garbage-first heap   total 78848K, used 23218K [0x0000000081e00000, 0x0000000100000000)
  region size 1024K, 2 young (2048K), 0 survivors (0K)
 Metaspace       used 39440K, committed 39808K, reserved 1089536K
  class space    used 4990K, committed 5184K, reserved 1048576K
}
Event: 3681.253 GC heap after
{Heap after GC invocations=336 (full 314):
 garbage-first heap   total 78848K, used 22194K [0x0000000081e00000, 0x0000000100000000)
  region size 1024K, 0 young (0K), 0 survivors (0K)
 Metaspace       used 39440K, committed 39808K, reserved 1089536K
  class space    used 4990K, committed 5184K, reserved 1048576K
}
Event: 3761.897 GC heap before
{Heap before GC invocations=336 (full 314):
 garbage-first heap   total 78848K, used 36530K [0x0000000081e00000, 0x0000000100000000)
  region size 1024K, 16 young (16384K), 0 survivors (0K)
 Metaspace       used 39466K, committed 39872K, reserved 1089536K
  class space    used 4995K, committed 5184K, reserved 1048576K
}
Event: 3761.962 GC heap after
{Heap after GC invocations=337 (full 315):
 garbage-first heap   total 78848K, used 23688K [0x0000000081e00000, 0x0000000100000000)
  region size 1024K, 0 young (0K), 0 survivors (0K)
 Metaspace       used 39466K, committed 39872K, reserved 1089536K
  class space    used 4995K, committed 5184K, reserved 1048576K
}
Event: 3772.509 GC heap before
{Heap before GC invocations=337 (full 315):
 garbage-first heap   total 78848K, used 24712K [0x0000000081e00000, 0x0000000100000000)
  region size 1024K, 2 young (2048K), 0 survivors (0K)
 Metaspace       used 39466K, committed 39872K, reserved 1089536K
  class space    used 4995K, committed 5184K, reserved 1048576K
}
Event: 3772.551 GC heap after
{Heap after GC invocations=338 (full 316):
 garbage-first heap   total 78848K, used 22836K [0x0000000081e00000, 0x0000000100000000)
  region size 1024K, 0 young (0K), 0 survivors (0K)
 Metaspace       used 39466K, committed 39872K, reserved 1089536K
  class space    used 4995K, committed 5184K, reserved 1048576K
}
Event: 3782.872 GC heap before
{Heap before GC invocations=338 (full 316):
 garbage-first heap   total 78848K, used 23860K [0x0000000081e00000, 0x0000000100000000)
  region size 1024K, 2 young (2048K), 0 survivors (0K)
 Metaspace       used 39466K, committed 39872K, reserved 1089536K
  class space    used 4995K, committed 5184K, reserved 1048576K
}
Event: 3782.924 GC heap after
{Heap after GC invocations=339 (full 317):
 garbage-first heap   total 78848K, used 22836K [0x0000000081e00000, 0x0000000100000000)
  region size 1024K, 0 young (0K), 0 survivors (0K)
 Metaspace       used 39466K, committed 39872K, reserved 1089536K
  class space    used 4995K, committed 5184K, reserved 1048576K
}
Event: 3793.155 GC heap before
{Heap before GC invocations=339 (full 317):
 garbage-first heap   total 78848K, used 23860K [0x0000000081e00000, 0x0000000100000000)
  region size 1024K, 2 young (2048K), 0 survivors (0K)
 Metaspace       used 39466K, committed 39872K, reserved 1089536K
  class space    used 4995K, committed 5184K, reserved 1048576K
}
Event: 3793.185 GC heap after
{Heap after GC invocations=340 (full 318):
 garbage-first heap   total 78848K, used 22836K [0x0000000081e00000, 0x0000000100000000)
  region size 1024K, 0 young (0K), 0 survivors (0K)
 Metaspace       used 39466K, committed 39872K, reserved 1089536K
  class space    used 4995K, committed 5184K, reserved 1048576K
}
Event: 3803.448 GC heap before
{Heap before GC invocations=340 (full 318):
 garbage-first heap   total 78848K, used 23860K [0x0000000081e00000, 0x0000000100000000)
  region size 1024K, 2 young (2048K), 0 survivors (0K)
 Metaspace       used 39466K, committed 39872K, reserved 1089536K
  class space    used 4995K, committed 5184K, reserved 1048576K
}
Event: 3803.480 GC heap after
{Heap after GC invocations=341 (full 319):
 garbage-first heap   total 78848K, used 22836K [0x0000000081e00000, 0x0000000100000000)
  region size 1024K, 0 young (0K), 0 survivors (0K)
 Metaspace       used 39466K, committed 39872K, reserved 1089536K
  class space    used 4995K, committed 5184K, reserved 1048576K
}

